# JRE version: OpenJDK Runtime Environment (11.0.8) (build 11.0.8+0-b944-P17168821)
# Java VM: OpenJDK 64-Bit Server VM (11.0.8+0-b944-6842174, mixed mode, tiered, compressed oops, g1 gc, linux-amd64)
Heap:
 garbage-first heap   total 180224K, used 62426K [0x00000000c3600000, 0x0000000100000000)
  region size 1024K, 4 young (4096K), 4 survivors (4096K)
 Metaspace       used 72025K, capacity 72773K, committed 74112K, reserved 1114112K
  class space    used 8190K, capacity 8481K, committed 8576K, reserved 1048576K
GC Heap History (20 events):
Event: 5.857 GC heap after
{Heap after GC invocations=11 (full 0):
 garbage-first heap   total 76800K, used 29932K [0x00000000c3600000, 0x0000000100000000)
  region size 1024K, 2 young (2048K), 2 survivors (2048K)
 Metaspace       used 44597K, capacity 45090K, committed 45952K, reserved 1089536K
  class space    used 5273K, capacity 5469K, committed 5504K, reserved 1048576K
}
Event: 6.540 GC heap before
{Heap before GC invocations=11 (full 0):
 garbage-first heap   total 76800K, used 53484K [0x00000000c3600000, 0x0000000100000000)
  region size 1024K, 24 young (24576K), 2 survivors (2048K)
 Metaspace       used 47452K, capacity 47950K, committed 48896K, reserved 1091584K
  class space    used 5584K, capacity 5804K, committed 5888K, reserved 1048576K
}
Event: 6.552 GC heap after
{Heap after GC invocations=12 (full 0):
 garbage-first heap   total 76800K, used 35325K [0x00000000c3600000, 0x0000000100000000)
  region size 1024K, 3 young (3072K), 3 survivors (3072K)
 Metaspace       used 47452K, capacity 47950K, committed 48896K, reserved 1091584K
  class space    used 5584K, capacity 5804K, committed 5888K, reserved 1048576K
}
Event: 6.898 GC heap before
{Heap before GC invocations=12 (full 0):
 garbage-first heap   total 76800K, used 54781K [0x00000000c3600000, 0x0000000100000000)
  region size 1024K, 22 young (22528K), 3 survivors (3072K)
 Metaspace       used 48031K, capacity 48587K, committed 49408K, reserved 1093632K
  class space    used 5616K, capacity 5841K, committed 5888K, reserved 1048576K
}
Event: 6.916 GC heap after
{Heap after GC invocations=13 (full 0):
 garbage-first heap   total 92160K, used 37372K [0x00000000c3600000, 0x0000000100000000)
  region size 1024K, 3 young (3072K), 3 survivors (3072K)
 Metaspace       used 48031K, capacity 48587K, committed 49408K, reserved 1093632K
  class space    used 5616K, capacity 5841K, committed 5888K, reserved 1048576K
}
Event: 7.560 GC heap before
{Heap before GC invocations=13 (full 0):
 garbage-first heap   total 92160K, used 62972K [0x00000000c3600000, 0x0000000100000000)
  region size 1024K, 28 young (28672K), 3 survivors (3072K)
 Metaspace       used 51562K, capacity 52165K, committed 53120K, reserved 1095680K
  class space    used 6023K, capacity 6245K, committed 6272K, reserved 1048576K
}
Event: 7.574 GC heap after
{Heap after GC invocations=14 (full 0):
 garbage-first heap   total 92160K, used 40416K [0x00000000c3600000, 0x0000000100000000)
  region size 1024K, 3 young (3072K), 3 survivors (3072K)
 Metaspace       used 51562K, capacity 52165K, committed 53120K, reserved 1095680K
  class space    used 6023K, capacity 6245K, committed 6272K, reserved 1048576K
}
Event: 8.585 GC heap before
{Heap before GC invocations=14 (full 0):
 garbage-first heap   total 92160K, used 66016K [0x00000000c3600000, 0x0000000100000000)
  region size 1024K, 28 young (28672K), 3 survivors (3072K)
 Metaspace       used 52944K, capacity 53539K, committed 54528K, reserved 1097728K
  class space    used 6076K, capacity 6318K, committed 6400K, reserved 1048576K
}
Event: 8.605 GC heap after
{Heap after GC invocations=15 (full 0):
 garbage-first heap   total 92160K, used 45000K [0x00000000c3600000, 0x0000000100000000)
  region size 1024K, 4 young (4096K), 4 survivors (4096K)
 Metaspace       used 52944K, capacity 53539K, committed 54528K, reserved 1097728K
  class space    used 6076K, capacity 6318K, committed 6400K, reserved 1048576K
}
Event: 9.416 GC heap before
{Heap before GC invocations=15 (full 0):
 garbage-first heap   total 92160K, used 68552K [0x00000000c3600000, 0x0000000100000000)
  region size 1024K, 27 young (27648K), 4 survivors (4096K)
 Metaspace       used 54992K, capacity 55634K, committed 56576K, reserved 1099776K
  class space    used 6312K, capacity 6549K, committed 6656K, reserved 1048576K
}
Event: 9.440 GC heap after
{Heap after GC invocations=16 (full 0):
 garbage-first heap   total 92160K, used 48496K [0x00000000c3600000, 0x0000000100000000)
  region size 1024K, 4 young (4096K), 4 survivors (4096K)
 Metaspace       used 54992K, capacity 55634K, committed 56576K, reserved 1099776K
  class space    used 6312K, capacity 6549K, committed 6656K, reserved 1048576K
}
Event: 10.390 GC heap before
{Heap before GC invocations=16 (full 0):
 garbage-first heap   total 92160K, used 63856K [0x00000000c3600000, 0x0000000100000000)
  region size 1024K, 21 young (21504K), 4 survivors (4096K)
 Metaspace       used 58788K, capacity 59439K, committed 60160K, reserved 1101824K
  class space    used 6876K, capacity 7154K, committed 7168K, reserved 1048576K
}
Event: 10.409 GC heap after
{Heap after GC invocations=17 (full 0):
 garbage-first heap   total 113664K, used 50565K [0x00000000c3600000, 0x0000000100000000)
  region size 1024K, 2 young (2048K), 2 survivors (2048K)
 Metaspace       used 58788K, capacity 59439K, committed 60160K, reserved 1101824K
  class space    used 6876K, capacity 7154K, committed 7168K, reserved 1048576K
}
Event: 14.164 GC heap before
{Heap before GC invocations=18 (full 0):
 garbage-first heap   total 113664K, used 79237K [0x00000000c3600000, 0x0000000100000000)
  region size 1024K, 31 young (31744K), 2 survivors (2048K)
 Metaspace       used 61760K, capacity 62458K, committed 63360K, reserved 1105920K
  class space    used 7161K, capacity 7454K, committed 7552K, reserved 1048576K
}
Event: 14.475 GC heap after
{Heap after GC invocations=19 (full 0):
 garbage-first heap   total 113664K, used 54246K [0x00000000c3600000, 0x0000000100000000)
  region size 1024K, 4 young (4096K), 4 survivors (4096K)
 Metaspace       used 61760K, capacity 62458K, committed 63360K, reserved 1105920K
  class space    used 7161K, capacity 7454K, committed 7552K, reserved 1048576K
}
Event: 27.402 GC heap before
{Heap before GC invocations=19 (full 0):
 garbage-first heap   total 113664K, used 82918K [0x00000000c3600000, 0x0000000100000000)
  region size 1024K, 32 young (32768K), 4 survivors (4096K)
 Metaspace       used 65699K, capacity 66405K, committed 67584K, reserved 1110016K
  class space    used 7532K, capacity 7809K, committed 7936K, reserved 1048576K
}
Event: 27.554 GC heap after
{Heap after GC invocations=20 (full 0):
 garbage-first heap   total 113664K, used 56549K [0x00000000c3600000, 0x0000000100000000)
  region size 1024K, 2 young (2048K), 2 survivors (2048K)
 Metaspace       used 65699K, capacity 66405K, committed 67584K, reserved 1110016K
  class space    used 7532K, capacity 7809K, committed 7936K, reserved 1048576K
}
Event: 50.781 GC heap before
{Heap before GC invocations=20 (full 0):
 garbage-first heap   total 113664K, used 85221K [0x00000000c3600000, 0x0000000100000000)
  region size 1024K, 30 young (30720K), 2 survivors (2048K)
 Metaspace       used 70130K, capacity 70885K, committed 72064K, reserved 1114112K
  class space    used 7979K, capacity 8257K, committed 8320K, reserved 1048576K
}
Event: 50.961 GC heap after
{Heap after GC invocations=21 (full 0):
 garbage-first heap   total 113664K, used 58961K [0x00000000c3600000, 0x0000000100000000)
  region size 1024K, 4 young (4096K), 4 survivors (4096K)
 Metaspace       used 70130K, capacity 70885K, committed 72064K, reserved 1114112K
  class space    used 7979K, capacity 8257K, committed 8320K, reserved 1048576K
}
Event: 56.426 GC heap before
{Heap before GC invocations=22 (full 0):
 garbage-first heap   total 113664K, used 87633K [0x00000000c3600000, 0x0000000100000000)
  region size 1024K, 32 young (32768K), 4 survivors (4096K)
 Metaspace       used 72025K, capacity 72773K, committed 74112K, reserved 1114112K
  class space    used 8190K, capacity 8481K, committed 8576K, reserved 1048576K
}

