# JRE version: OpenJDK Runtime Environment (11.0.8) (build 11.0.8+0-b944-P17168821)
# Java VM: OpenJDK 64-Bit Server VM (11.0.8+0-b944-6842174, mixed mode, tiered, compressed oops, g1 gc, linux-amd64)
Heap:
 garbage-first heap   total 228352K, used 127759K [0x0000000080000000, 0x0000000100000000)
  region size 1024K, 1 young (1024K), 1 survivors (1024K)
 Metaspace       used 123146K, capacity 125779K, committed 126592K, reserved 1159168K
  class space    used 15209K, capacity 16155K, committed 16256K, reserved 1048576K
GC Heap History (20 events):
Event: 2029.384 GC heap after
{Heap after GC invocations=53 (full 0):
 garbage-first heap   total 172032K, used 101888K [0x0000000080000000, 0x0000000100000000)
  region size 1024K, 1 young (1024K), 1 survivors (1024K)
 Metaspace       used 116392K, capacity 118916K, committed 120192K, reserved 1153024K
  class space    used 14478K, capacity 15341K, committed 15744K, reserved 1048576K
}
Event: 2029.836 GC heap before
{Heap before GC invocations=53 (full 0):
 garbage-first heap   total 172032K, used 108032K [0x0000000080000000, 0x0000000100000000)
  region size 1024K, 8 young (8192K), 1 survivors (1024K)
 Metaspace       used 116508K, capacity 119036K, committed 120192K, reserved 1153024K
  class space    used 14495K, capacity 15379K, committed 15744K, reserved 1048576K
}
Event: 2029.856 GC heap after
{Heap after GC invocations=54 (full 0):
 garbage-first heap   total 172032K, used 102062K [0x0000000080000000, 0x0000000100000000)
  region size 1024K, 1 young (1024K), 1 survivors (1024K)
 Metaspace       used 116508K, capacity 119036K, committed 120192K, reserved 1153024K
  class space    used 14495K, capacity 15379K, committed 15744K, reserved 1048576K
}
Event: 2031.000 GC heap before
{Heap before GC invocations=54 (full 0):
 garbage-first heap   total 172032K, used 137902K [0x0000000080000000, 0x0000000100000000)
  region size 1024K, 37 young (37888K), 1 survivors (1024K)
 Metaspace       used 117615K, capacity 120215K, committed 121216K, reserved 1155072K
  class space    used 14627K, capacity 15528K, committed 15744K, reserved 1048576K
}
Event: 2031.010 GC heap after
{Heap after GC invocations=55 (full 0):
 garbage-first heap   total 172032K, used 103515K [0x0000000080000000, 0x0000000100000000)
  region size 1024K, 3 young (3072K), 3 survivors (3072K)
 Metaspace       used 117615K, capacity 120215K, committed 121216K, reserved 1155072K
  class space    used 14627K, capacity 15528K, committed 15744K, reserved 1048576K
}
Event: 2031.590 GC heap before
{Heap before GC invocations=56 (full 0):
 garbage-first heap   total 172032K, used 139355K [0x0000000080000000, 0x0000000100000000)
  region size 1024K, 39 young (39936K), 3 survivors (3072K)
 Metaspace       used 117618K, capacity 120111K, committed 121472K, reserved 1155072K
  class space    used 14590K, capacity 15461K, committed 15744K, reserved 1048576K
}
Event: 2031.610 GC heap after
{Heap after GC invocations=57 (full 0):
 garbage-first heap   total 172032K, used 107843K [0x0000000080000000, 0x0000000100000000)
  region size 1024K, 5 young (5120K), 5 survivors (5120K)
 Metaspace       used 117618K, capacity 120111K, committed 121472K, reserved 1155072K
  class space    used 14590K, capacity 15461K, committed 15744K, reserved 1048576K
}
Event: 2031.656 GC heap before
{Heap before GC invocations=57 (full 0):
 garbage-first heap   total 172032K, used 110915K [0x0000000080000000, 0x0000000100000000)
  region size 1024K, 8 young (8192K), 5 survivors (5120K)
 Metaspace       used 117627K, capacity 120111K, committed 121472K, reserved 1155072K
  class space    used 14590K, capacity 15461K, committed 15744K, reserved 1048576K
}
Event: 2031.674 GC heap after
{Heap after GC invocations=58 (full 0):
 garbage-first heap   total 172032K, used 106858K [0x0000000080000000, 0x0000000100000000)
  region size 1024K, 1 young (1024K), 1 survivors (1024K)
 Metaspace       used 117627K, capacity 120111K, committed 121472K, reserved 1155072K
  class space    used 14590K, capacity 15461K, committed 15744K, reserved 1048576K
}
Event: 2032.032 GC heap before
{Heap before GC invocations=58 (full 0):
 garbage-first heap   total 172032K, used 131434K [0x0000000080000000, 0x0000000100000000)
  region size 1024K, 26 young (26624K), 1 survivors (1024K)
 Metaspace       used 117702K, capacity 120178K, committed 121472K, reserved 1155072K
  class space    used 14590K, capacity 15461K, committed 15744K, reserved 1048576K
}
Event: 2032.050 GC heap after
{Heap after GC invocations=59 (full 0):
 garbage-first heap   total 172032K, used 109930K [0x0000000080000000, 0x0000000100000000)
  region size 1024K, 4 young (4096K), 4 survivors (4096K)
 Metaspace       used 117702K, capacity 120178K, committed 121472K, reserved 1155072K
  class space    used 14590K, capacity 15461K, committed 15744K, reserved 1048576K
}
Event: 2032.422 GC heap before
{Heap before GC invocations=59 (full 0):
 garbage-first heap   total 172032K, used 144746K [0x0000000080000000, 0x0000000100000000)
  region size 1024K, 35 young (35840K), 4 survivors (4096K)
 Metaspace       used 117780K, capacity 120242K, committed 121472K, reserved 1155072K
  class space    used 14590K, capacity 15461K, committed 15744K, reserved 1048576K
}
Event: 2032.458 GC heap after
{Heap after GC invocations=60 (full 0):
 garbage-first heap   total 172032K, used 117708K [0x0000000080000000, 0x0000000100000000)
  region size 1024K, 5 young (5120K), 5 survivors (5120K)
 Metaspace       used 117780K, capacity 120242K, committed 121472K, reserved 1155072K
  class space    used 14590K, capacity 15461K, committed 15744K, reserved 1048576K
}
Event: 2032.883 GC heap before
{Heap before GC invocations=61 (full 0):
 garbage-first heap   total 172032K, used 149452K [0x0000000080000000, 0x0000000100000000)
  region size 1024K, 31 young (31744K), 5 survivors (5120K)
 Metaspace       used 119270K, capacity 121847K, committed 122880K, reserved 1157120K
  class space    used 14748K, capacity 15633K, committed 15872K, reserved 1048576K
}
Event: 2032.908 GC heap after
{Heap after GC invocations=62 (full 0):
 garbage-first heap   total 172032K, used 122517K [0x0000000080000000, 0x0000000100000000)
  region size 1024K, 3 young (3072K), 3 survivors (3072K)
 Metaspace       used 119270K, capacity 121847K, committed 122880K, reserved 1157120K
  class space    used 14748K, capacity 15633K, committed 15872K, reserved 1048576K
}
Event: 2033.013 GC heap before
{Heap before GC invocations=62 (full 0):
 garbage-first heap   total 172032K, used 127637K [0x0000000080000000, 0x0000000100000000)
  region size 1024K, 8 young (8192K), 3 survivors (3072K)
 Metaspace       used 120055K, capacity 122673K, committed 123520K, reserved 1157120K
  class space    used 14850K, capacity 15784K, committed 16000K, reserved 1048576K
}
Event: 2033.034 GC heap after
{Heap after GC invocations=63 (full 0):
 garbage-first heap   total 172032K, used 122860K [0x0000000080000000, 0x0000000100000000)
  region size 1024K, 1 young (1024K), 1 survivors (1024K)
 Metaspace       used 120055K, capacity 122673K, committed 123520K, reserved 1157120K
  class space    used 14850K, capacity 15784K, committed 16000K, reserved 1048576K
}
Event: 2033.364 GC heap before
{Heap before GC invocations=63 (full 0):
 garbage-first heap   total 172032K, used 144364K [0x0000000080000000, 0x0000000100000000)
  region size 1024K, 23 young (23552K), 1 survivors (1024K)
 Metaspace       used 121048K, capacity 123658K, committed 124544K, reserved 1157120K
  class space    used 14945K, capacity 15876K, committed 16000K, reserved 1048576K
}
Event: 2033.380 GC heap after
{Heap after GC invocations=64 (full 0):
 garbage-first heap   total 172032K, used 126698K [0x0000000080000000, 0x0000000100000000)
  region size 1024K, 3 young (3072K), 3 survivors (3072K)
 Metaspace       used 121048K, capacity 123658K, committed 124544K, reserved 1157120K
  class space    used 14945K, capacity 15876K, committed 16000K, reserved 1048576K
}
Event: 2033.876 GC heap before
{Heap before GC invocations=64 (full 0):
 garbage-first heap   total 172032K, used 146154K [0x0000000080000000, 0x0000000100000000)
  region size 1024K, 22 young (22528K), 3 survivors (3072K)
 Metaspace       used 123146K, capacity 125779K, committed 126592K, reserved 1159168K
  class space    used 15209K, capacity 16155K, committed 16256K, reserved 1048576K
}

