# JRE version: OpenJDK Runtime Environment (11.0.8) (build 11.0.8+0-b944-P17168821)
# Java VM: OpenJDK 64-Bit Server VM (11.0.8+0-b944-6842174, mixed mode, tiered, compressed oops, g1 gc, linux-amd64)
Heap:
 garbage-first heap   total 181248K, used 61967K [0x00000000c3600000, 0x0000000100000000)
  region size 1024K, 3 young (3072K), 3 survivors (3072K)
 Metaspace       used 75498K, capacity 76251K, committed 77696K, reserved 1118208K
  class space    used 8459K, capacity 8744K, committed 8832K, reserved 1048576K
GC Heap History (20 events):
Event: 5.851 GC heap after
{Heap after GC invocations=11 (full 0):
 garbage-first heap   total 76800K, used 29413K [0x00000000c3600000, 0x0000000100000000)
  region size 1024K, 2 young (2048K), 2 survivors (2048K)
 Metaspace       used 44438K, capacity 44929K, committed 45696K, reserved 1089536K
  class space    used 5252K, capacity 5437K, committed 5504K, reserved 1048576K
}
Event: 6.364 GC heap before
{Heap before GC invocations=11 (full 0):
 garbage-first heap   total 76800K, used 51941K [0x00000000c3600000, 0x0000000100000000)
  region size 1024K, 23 young (23552K), 2 survivors (2048K)
 Metaspace       used 47479K, capacity 48013K, committed 48896K, reserved 1091584K
  class space    used 5583K, capacity 5804K, committed 5888K, reserved 1048576K
}
Event: 6.381 GC heap after
{Heap after GC invocations=12 (full 0):
 garbage-first heap   total 76800K, used 33568K [0x00000000c3600000, 0x0000000100000000)
  region size 1024K, 3 young (3072K), 3 survivors (3072K)
 Metaspace       used 47479K, capacity 48013K, committed 48896K, reserved 1091584K
  class space    used 5583K, capacity 5804K, committed 5888K, reserved 1048576K
}
Event: 6.632 GC heap before
{Heap before GC invocations=12 (full 0):
 garbage-first heap   total 76800K, used 54048K [0x00000000c3600000, 0x0000000100000000)
  region size 1024K, 23 young (23552K), 3 survivors (3072K)
 Metaspace       used 47914K, capacity 48486K, committed 49408K, reserved 1093632K
  class space    used 5601K, capacity 5808K, committed 5888K, reserved 1048576K
}
Event: 6.650 GC heap after
{Heap after GC invocations=13 (full 0):
 garbage-first heap   total 92160K, used 35580K [0x00000000c3600000, 0x0000000100000000)
  region size 1024K, 3 young (3072K), 3 survivors (3072K)
 Metaspace       used 47914K, capacity 48486K, committed 49408K, reserved 1093632K
  class space    used 5601K, capacity 5808K, committed 5888K, reserved 1048576K
}
Event: 7.200 GC heap before
{Heap before GC invocations=13 (full 0):
 garbage-first heap   total 92160K, used 60156K [0x00000000c3600000, 0x0000000100000000)
  region size 1024K, 28 young (28672K), 3 survivors (3072K)
 Metaspace       used 51124K, capacity 51709K, committed 52608K, reserved 1095680K
  class space    used 5960K, capacity 6179K, committed 6272K, reserved 1048576K
}
Event: 7.215 GC heap after
{Heap after GC invocations=14 (full 0):
 garbage-first heap   total 92160K, used 38135K [0x00000000c3600000, 0x0000000100000000)
  region size 1024K, 4 young (4096K), 4 survivors (4096K)
 Metaspace       used 51124K, capacity 51709K, committed 52608K, reserved 1095680K
  class space    used 5960K, capacity 6179K, committed 6272K, reserved 1048576K
}
Event: 7.973 GC heap before
{Heap before GC invocations=14 (full 0):
 garbage-first heap   total 92160K, used 62711K [0x00000000c3600000, 0x0000000100000000)
  region size 1024K, 29 young (29696K), 4 survivors (4096K)
 Metaspace       used 52959K, capacity 53541K, committed 54528K, reserved 1097728K
  class space    used 6074K, capacity 6318K, committed 6400K, reserved 1048576K
}
Event: 8.010 GC heap after
{Heap after GC invocations=15 (full 0):
 garbage-first heap   total 92160K, used 42420K [0x00000000c3600000, 0x0000000100000000)
  region size 1024K, 4 young (4096K), 4 survivors (4096K)
 Metaspace       used 52959K, capacity 53541K, committed 54528K, reserved 1097728K
  class space    used 6074K, capacity 6318K, committed 6400K, reserved 1048576K
}
Event: 8.904 GC heap before
{Heap before GC invocations=15 (full 0):
 garbage-first heap   total 92160K, used 66996K [0x00000000c3600000, 0x0000000100000000)
  region size 1024K, 28 young (28672K), 4 survivors (4096K)
 Metaspace       used 54718K, capacity 55328K, committed 56192K, reserved 1099776K
  class space    used 6274K, capacity 6510K, committed 6528K, reserved 1048576K
}
Event: 8.929 GC heap after
{Heap after GC invocations=16 (full 0):
 garbage-first heap   total 92160K, used 46530K [0x00000000c3600000, 0x0000000100000000)
  region size 1024K, 4 young (4096K), 4 survivors (4096K)
 Metaspace       used 54718K, capacity 55328K, committed 56192K, reserved 1099776K
  class space    used 6274K, capacity 6510K, committed 6528K, reserved 1048576K
}
Event: 9.963 GC heap before
{Heap before GC invocations=16 (full 0):
 garbage-first heap   total 92160K, used 60866K [0x00000000c3600000, 0x0000000100000000)
  region size 1024K, 20 young (20480K), 4 survivors (4096K)
 Metaspace       used 58716K, capacity 59370K, committed 60160K, reserved 1101824K
  class space    used 6863K, capacity 7153K, committed 7168K, reserved 1048576K
}
Event: 9.981 GC heap after
{Heap after GC invocations=17 (full 0):
 garbage-first heap   total 129024K, used 48605K [0x00000000c3600000, 0x0000000100000000)
  region size 1024K, 2 young (2048K), 2 survivors (2048K)
 Metaspace       used 58716K, capacity 59370K, committed 60160K, reserved 1101824K
  class space    used 6863K, capacity 7153K, committed 7168K, reserved 1048576K
}
Event: 11.604 GC heap before
{Heap before GC invocations=18 (full 0):
 garbage-first heap   total 129024K, used 83421K [0x00000000c3600000, 0x0000000100000000)
  region size 1024K, 36 young (36864K), 2 survivors (2048K)
 Metaspace       used 62828K, capacity 63583K, committed 64640K, reserved 1105920K
  class space    used 7267K, capacity 7551K, committed 7552K, reserved 1048576K
}
Event: 11.670 GC heap after
{Heap after GC invocations=19 (full 0):
 garbage-first heap   total 129024K, used 53487K [0x00000000c3600000, 0x0000000100000000)
  region size 1024K, 5 young (5120K), 5 survivors (5120K)
 Metaspace       used 62828K, capacity 63583K, committed 64640K, reserved 1105920K
  class space    used 7267K, capacity 7551K, committed 7552K, reserved 1048576K
}
Event: 20.951 GC heap before
{Heap before GC invocations=19 (full 0):
 garbage-first heap   total 129024K, used 87279K [0x00000000c3600000, 0x0000000100000000)
  region size 1024K, 38 young (38912K), 5 survivors (5120K)
 Metaspace       used 66831K, capacity 67590K, committed 68608K, reserved 1110016K
  class space    used 7615K, capacity 7905K, committed 7936K, reserved 1048576K
}
Event: 21.139 GC heap after
{Heap after GC invocations=20 (full 0):
 garbage-first heap   total 129024K, used 56562K [0x00000000c3600000, 0x0000000100000000)
  region size 1024K, 3 young (3072K), 3 survivors (3072K)
 Metaspace       used 66831K, capacity 67590K, committed 68608K, reserved 1110016K
  class space    used 7615K, capacity 7905K, committed 7936K, reserved 1048576K
}
Event: 34.313 GC heap before
{Heap before GC invocations=20 (full 0):
 garbage-first heap   total 129024K, used 91378K [0x00000000c3600000, 0x0000000100000000)
  region size 1024K, 37 young (37888K), 3 survivors (3072K)
 Metaspace       used 71473K, capacity 72166K, committed 73472K, reserved 1114112K
  class space    used 8114K, capacity 8385K, committed 8448K, reserved 1048576K
}
Event: 34.459 GC heap after
{Heap after GC invocations=21 (full 0):
 garbage-first heap   total 129024K, used 59674K [0x00000000c3600000, 0x0000000100000000)
  region size 1024K, 5 young (5120K), 5 survivors (5120K)
 Metaspace       used 71473K, capacity 72166K, committed 73472K, reserved 1114112K
  class space    used 8114K, capacity 8385K, committed 8448K, reserved 1048576K
}
Event: 42.391 GC heap before
{Heap before GC invocations=21 (full 0):
 garbage-first heap   total 129024K, used 94490K [0x00000000c3600000, 0x0000000100000000)
  region size 1024K, 39 young (39936K), 5 survivors (5120K)
 Metaspace       used 75498K, capacity 76251K, committed 77696K, reserved 1118208K
  class space    used 8459K, capacity 8744K, committed 8832K, reserved 1048576K
}

