# JRE version: OpenJDK Runtime Environment (11.0.8) (build 11.0.8+0-b944-P17168821)
# Java VM: OpenJDK 64-Bit Server VM (11.0.8+0-b944-6842174, mixed mode, tiered, compressed oops, g1 gc, linux-amd64)
Heap:
 garbage-first heap   total 539648K, used 192144K [0x0000000080000000, 0x0000000100000000)
  region size 1024K, 3 young (3072K), 3 survivors (3072K)
 Metaspace       used 132263K, capacity 135879K, committed 136140K, reserved 1167360K
  class space    used 16351K, capacity 17585K, committed 17612K, reserved 1048576K
GC Heap History (20 events):
Event: 1076.242 GC heap after
{Heap after GC invocations=59 (full 0):
 garbage-first heap   total 247808K, used 140288K [0x0000000080000000, 0x0000000100000000)
  region size 1024K, 9 young (9216K), 9 survivors (9216K)
 Metaspace       used 129205K, capacity 132783K, committed 132940K, reserved 1165312K
  class space    used 16159K, capacity 17392K, committed 17484K, reserved 1048576K
}
Event: 1076.920 GC heap before
{Heap before GC invocations=59 (full 0):
 garbage-first heap   total 247808K, used 199680K [0x0000000080000000, 0x0000000100000000)
  region size 1024K, 67 young (68608K), 9 survivors (9216K)
 Metaspace       used 129625K, capacity 133233K, committed 133452K, reserved 1165312K
  class space    used 16194K, capacity 17430K, committed 17484K, reserved 1048576K
}
Event: 1076.956 GC heap after
{Heap after GC invocations=60 (full 0):
 garbage-first heap   total 297984K, used 145894K [0x0000000080000000, 0x0000000100000000)
  region size 1024K, 8 young (8192K), 8 survivors (8192K)
 Metaspace       used 129625K, capacity 133233K, committed 133452K, reserved 1165312K
  class space    used 16194K, capacity 17430K, committed 17484K, reserved 1048576K
}
Event: 1078.103 GC heap before
{Heap before GC invocations=61 (full 0):
 garbage-first heap   total 297984K, used 228838K [0x0000000080000000, 0x0000000100000000)
  region size 1024K, 89 young (91136K), 8 survivors (8192K)
 Metaspace       used 130286K, capacity 133788K, committed 134092K, reserved 1165312K
  class space    used 16228K, capacity 17435K, committed 17612K, reserved 1048576K
}
Event: 1078.132 GC heap after
{Heap after GC invocations=62 (full 0):
 garbage-first heap   total 297984K, used 148759K [0x0000000080000000, 0x0000000100000000)
  region size 1024K, 3 young (3072K), 3 survivors (3072K)
 Metaspace       used 130286K, capacity 133788K, committed 134092K, reserved 1165312K
  class space    used 16228K, capacity 17435K, committed 17612K, reserved 1048576K
}
Event: 1078.782 GC heap before
{Heap before GC invocations=62 (full 0):
 garbage-first heap   total 297984K, used 232727K [0x0000000080000000, 0x0000000100000000)
  region size 1024K, 86 young (88064K), 3 survivors (3072K)
 Metaspace       used 130945K, capacity 134430K, committed 134860K, reserved 1167360K
  class space    used 16286K, capacity 17499K, committed 17612K, reserved 1048576K
}
Event: 1078.798 GC heap after
{Heap after GC invocations=63 (full 0):
 garbage-first heap   total 297984K, used 151749K [0x0000000080000000, 0x0000000100000000)
  region size 1024K, 6 young (6144K), 6 survivors (6144K)
 Metaspace       used 130945K, capacity 134430K, committed 134860K, reserved 1167360K
  class space    used 16286K, capacity 17499K, committed 17612K, reserved 1048576K
}
Event: 1079.303 GC heap before
{Heap before GC invocations=63 (full 0):
 garbage-first heap   total 297984K, used 237765K [0x0000000080000000, 0x0000000100000000)
  region size 1024K, 91 young (93184K), 6 survivors (6144K)
 Metaspace       used 131178K, capacity 134755K, committed 135116K, reserved 1167360K
  class space    used 16289K, capacity 17500K, committed 17612K, reserved 1048576K
}
Event: 1079.326 GC heap after
{Heap after GC invocations=64 (full 0):
 garbage-first heap   total 297984K, used 151345K [0x0000000080000000, 0x0000000100000000)
  region size 1024K, 6 young (6144K), 6 survivors (6144K)
 Metaspace       used 131178K, capacity 134755K, committed 135116K, reserved 1167360K
  class space    used 16289K, capacity 17500K, committed 17612K, reserved 1048576K
}
Event: 1079.800 GC heap before
{Heap before GC invocations=64 (full 0):
 garbage-first heap   total 297984K, used 242481K [0x0000000080000000, 0x0000000100000000)
  region size 1024K, 94 young (96256K), 6 survivors (6144K)
 Metaspace       used 131213K, capacity 134792K, committed 135116K, reserved 1167360K
  class space    used 16297K, capacity 17512K, committed 17612K, reserved 1048576K
}
Event: 1079.820 GC heap after
{Heap after GC invocations=65 (full 0):
 garbage-first heap   total 297984K, used 160427K [0x0000000080000000, 0x0000000100000000)
  region size 1024K, 12 young (12288K), 12 survivors (12288K)
 Metaspace       used 131213K, capacity 134792K, committed 135116K, reserved 1167360K
  class space    used 16297K, capacity 17512K, committed 17612K, reserved 1048576K
}
Event: 1080.288 GC heap before
{Heap before GC invocations=65 (full 0):
 garbage-first heap   total 297984K, used 243371K [0x0000000080000000, 0x0000000100000000)
  region size 1024K, 94 young (96256K), 12 survivors (12288K)
 Metaspace       used 131384K, capacity 134968K, committed 135116K, reserved 1167360K
  class space    used 16327K, capacity 17549K, committed 17612K, reserved 1048576K
}
Event: 1080.335 GC heap after
{Heap after GC invocations=66 (full 0):
 garbage-first heap   total 364544K, used 172612K [0x0000000080000000, 0x0000000100000000)
  region size 1024K, 12 young (12288K), 12 survivors (12288K)
 Metaspace       used 131384K, capacity 134968K, committed 135116K, reserved 1167360K
  class space    used 16327K, capacity 17549K, committed 17612K, reserved 1048576K
}
Event: 1080.988 GC heap before
{Heap before GC invocations=66 (full 0):
 garbage-first heap   total 364544K, used 277060K [0x0000000080000000, 0x0000000100000000)
  region size 1024K, 114 young (116736K), 12 survivors (12288K)
 Metaspace       used 131702K, capacity 135314K, committed 135628K, reserved 1167360K
  class space    used 16336K, capacity 17553K, committed 17612K, reserved 1048576K
}
Event: 1081.038 GC heap after
{Heap after GC invocations=67 (full 0):
 garbage-first heap   total 364544K, used 183086K [0x0000000080000000, 0x0000000100000000)
  region size 1024K, 13 young (13312K), 13 survivors (13312K)
 Metaspace       used 131702K, capacity 135314K, committed 135628K, reserved 1167360K
  class space    used 16336K, capacity 17553K, committed 17612K, reserved 1048576K
}
Event: 1081.495 GC heap before
{Heap before GC invocations=67 (full 0):
 garbage-first heap   total 364544K, used 285486K [0x0000000080000000, 0x0000000100000000)
  region size 1024K, 113 young (115712K), 13 survivors (13312K)
 Metaspace       used 131996K, capacity 135585K, committed 135884K, reserved 1167360K
  class space    used 16336K, capacity 17553K, committed 17612K, reserved 1048576K
}
Event: 1081.543 GC heap after
{Heap after GC invocations=68 (full 0):
 garbage-first heap   total 364544K, used 190385K [0x0000000080000000, 0x0000000100000000)
  region size 1024K, 9 young (9216K), 9 survivors (9216K)
 Metaspace       used 131996K, capacity 135585K, committed 135884K, reserved 1167360K
  class space    used 16336K, capacity 17553K, committed 17612K, reserved 1048576K
}
Event: 1082.033 GC heap before
{Heap before GC invocations=68 (full 0):
 garbage-first heap   total 364544K, used 290737K [0x0000000080000000, 0x0000000100000000)
  region size 1024K, 107 young (109568K), 9 survivors (9216K)
 Metaspace       used 132200K, capacity 135814K, committed 135884K, reserved 1167360K
  class space    used 16346K, capacity 17585K, committed 17612K, reserved 1048576K
}
Event: 1082.064 GC heap after
{Heap after GC invocations=69 (full 0):
 garbage-first heap   total 364544K, used 192000K [0x0000000080000000, 0x0000000100000000)
  region size 1024K, 2 young (2048K), 2 survivors (2048K)
 Metaspace       used 132200K, capacity 135814K, committed 135884K, reserved 1167360K
  class space    used 16346K, capacity 17585K, committed 17612K, reserved 1048576K
}
Event: 1082.487 GC heap before
{Heap before GC invocations=69 (full 0):
 garbage-first heap   total 364544K, used 294400K [0x0000000080000000, 0x0000000100000000)
  region size 1024K, 103 young (105472K), 2 survivors (2048K)
 Metaspace       used 132263K, capacity 135879K, committed 136140K, reserved 1167360K
  class space    used 16351K, capacity 17585K, committed 17612K, reserved 1048576K
}

